# This file was automatically created by FeynRules 2.3.47
# Mathematica version: 12.1.1 for Mac OS X x86 (64-bit) (June 19, 2020)
# Date: Tue 7 May 2024 15:37:52


# 
# This is the logfile for the model axion

# Authors: Amit Adhikary
# Model version: 1
# Checking the Quantum numbers
   * Electric charge defined.
# Checking the Lagrangians
   * All Lagrangians are ok.
#
# Particle definitions
#

   * No particles removed. All particles correspond to GenInt setup.

# Automatically assigned PDG numbers
   * Assigned PDG number 9000001 to particle ghA
   * Assigned PDG number 9000002 to particle ghZ
   * Assigned PDG number 9000003 to particle ghWp
   * Assigned PDG number 9000004 to particle ghWm
   * Assigned PDG number 9000005 to particle ax


# Compulsory PDG codes:
   * Class SM leptons complete.
   * Class SM neutrinos complete.
   * Class SM quarks complete.
   * Class SM gauge bosons complete.
#
# Parameter definitions
#

   * All parameters are ok.


# Vertices
   * Calling FeynmanRules for 1 Lagrangians.
   * Number of classes vertices: 78
   * Number of flavored vertices: 97
   * Saved vertices in InterfaceRun[ 1 ].
   * Checked QNumber conservation.
      - Quantum number GhostNumber conserved in all vertices.
      - Quantum number LeptonNumber conserved in all vertices.
      - Quantum number Q conserved in all vertices.
      - Quantum number Y conserved in all vertices.
   * particles.py written.
   * parameters.py written.
#
# Vertex definitions
#

   * 81 vertices written.
   * vertices.py written.
#
# Lorentz structure definitions
#

   * 33 lorentz structures written.
   * lorentz.py written.
#
# Coupling definitions
#

   * 62 couplings written.
   * couplings.py written.
#
# Coupling order definitions
#

   * 0 couplings orders written.
   * coupling_orders.py written.
#
# Decay definitions
#

   * 13 decays written.
   * decay.py not written
#
# CTCoupling definitions
#

   * 113 CTcouplings written.
   * CT_couplings.py written.
#
# CTVertex definitions
#

   * 74 CTvertices written.
   * CT_vertices.py written.
